mode: set
github.com/gophergala2016/source/core/config/bindata.go:35.41,37.2 1 0
github.com/gophergala2016/source/core/config/bindata.go:38.40,40.2 1 0
github.com/gophergala2016/source/core/config/bindata.go:41.46,43.2 1 0
github.com/gophergala2016/source/core/config/bindata.go:44.47,46.2 1 0
github.com/gophergala2016/source/core/config/bindata.go:47.40,49.2 1 0
github.com/gophergala2016/source/core/config/bindata.go:50.45,52.2 1 0
github.com/gophergala2016/source/core/config/bindata.go:59.40,61.2 1 1
github.com/gophergala2016/source/core/config/bindata.go:63.35,65.16 2 1
github.com/gophergala2016/source/core/config/bindata.go:69.2,71.15 3 1
github.com/gophergala2016/source/core/config/bindata.go:65.16,67.3 1 0
github.com/gophergala2016/source/core/config/bindata.go:78.53,80.2 1 1
github.com/gophergala2016/source/core/config/bindata.go:82.48,84.16 2 1
github.com/gophergala2016/source/core/config/bindata.go:88.2,90.15 3 1
github.com/gophergala2016/source/core/config/bindata.go:84.16,86.3 1 0
github.com/gophergala2016/source/core/config/bindata.go:101.44,103.2 1 1
github.com/gophergala2016/source/core/config/bindata.go:105.39,107.16 2 1
github.com/gophergala2016/source/core/config/bindata.go:111.2,113.15 3 1
github.com/gophergala2016/source/core/config/bindata.go:107.16,109.3 1 0
github.com/gophergala2016/source/core/config/bindata.go:120.54,122.2 1 0
github.com/gophergala2016/source/core/config/bindata.go:124.49,126.16 2 0
github.com/gophergala2016/source/core/config/bindata.go:130.2,132.15 3 0
github.com/gophergala2016/source/core/config/bindata.go:126.16,128.3 1 0
github.com/gophergala2016/source/core/config/bindata.go:143.45,145.2 1 0
github.com/gophergala2016/source/core/config/bindata.go:147.40,149.16 2 0
github.com/gophergala2016/source/core/config/bindata.go:153.2,155.15 3 0
github.com/gophergala2016/source/core/config/bindata.go:149.16,151.3 1 0
github.com/gophergala2016/source/core/config/bindata.go:162.54,164.2 1 1
github.com/gophergala2016/source/core/config/bindata.go:166.49,168.16 2 1
github.com/gophergala2016/source/core/config/bindata.go:172.2,174.15 3 1
github.com/gophergala2016/source/core/config/bindata.go:168.16,170.3 1 0
github.com/gophergala2016/source/core/config/bindata.go:185.45,187.2 1 1
github.com/gophergala2016/source/core/config/bindata.go:189.40,191.16 2 1
github.com/gophergala2016/source/core/config/bindata.go:195.2,197.15 3 1
github.com/gophergala2016/source/core/config/bindata.go:191.16,193.3 1 0
github.com/gophergala2016/source/core/config/bindata.go:203.41,205.43 2 1
github.com/gophergala2016/source/core/config/bindata.go:212.2,212.52 1 0
github.com/gophergala2016/source/core/config/bindata.go:205.43,207.17 2 1
github.com/gophergala2016/source/core/config/bindata.go:210.3,210.22 1 1
github.com/gophergala2016/source/core/config/bindata.go:207.17,209.4 1 0
github.com/gophergala2016/source/core/config/bindata.go:217.36,219.16 2 1
github.com/gophergala2016/source/core/config/bindata.go:223.2,223.10 1 1
github.com/gophergala2016/source/core/config/bindata.go:219.16,220.54 1 0
github.com/gophergala2016/source/core/config/bindata.go:229.50,231.43 2 0
github.com/gophergala2016/source/core/config/bindata.go:238.2,238.56 1 0
github.com/gophergala2016/source/core/config/bindata.go:231.43,233.17 2 0
github.com/gophergala2016/source/core/config/bindata.go:236.3,236.21 1 0
github.com/gophergala2016/source/core/config/bindata.go:233.17,235.4 1 0
github.com/gophergala2016/source/core/config/bindata.go:242.28,244.29 2 0
github.com/gophergala2016/source/core/config/bindata.go:247.2,247.14 1 0
github.com/gophergala2016/source/core/config/bindata.go:244.29,246.3 1 0
github.com/gophergala2016/source/core/config/bindata.go:274.46,276.20 2 0
github.com/gophergala2016/source/core/config/bindata.go:286.2,286.22 1 0
github.com/gophergala2016/source/core/config/bindata.go:289.2,290.39 2 0
github.com/gophergala2016/source/core/config/bindata.go:293.2,293.16 1 0
github.com/gophergala2016/source/core/config/bindata.go:276.20,279.30 3 0
github.com/gophergala2016/source/core/config/bindata.go:279.30,281.19 2 0
github.com/gophergala2016/source/core/config/bindata.go:281.19,283.5 1 0
github.com/gophergala2016/source/core/config/bindata.go:286.22,288.3 1 0
github.com/gophergala2016/source/core/config/bindata.go:290.39,292.3 1 0
github.com/gophergala2016/source/core/config/bindata.go:320.43,322.16 2 0
github.com/gophergala2016/source/core/config/bindata.go:325.2,326.16 2 0
github.com/gophergala2016/source/core/config/bindata.go:329.2,330.16 2 0
github.com/gophergala2016/source/core/config/bindata.go:333.2,334.16 2 0
github.com/gophergala2016/source/core/config/bindata.go:337.2,338.16 2 0
github.com/gophergala2016/source/core/config/bindata.go:341.2,341.12 1 0
github.com/gophergala2016/source/core/config/bindata.go:322.16,324.3 1 0
github.com/gophergala2016/source/core/config/bindata.go:326.16,328.3 1 0
github.com/gophergala2016/source/core/config/bindata.go:330.16,332.3 1 0
github.com/gophergala2016/source/core/config/bindata.go:334.16,336.3 1 0
github.com/gophergala2016/source/core/config/bindata.go:338.16,340.3 1 0
github.com/gophergala2016/source/core/config/bindata.go:345.44,348.16 2 0
github.com/gophergala2016/source/core/config/bindata.go:352.2,352.33 1 0
github.com/gophergala2016/source/core/config/bindata.go:358.2,358.12 1 0
github.com/gophergala2016/source/core/config/bindata.go:348.16,350.3 1 0
github.com/gophergala2016/source/core/config/bindata.go:352.33,354.17 2 0
github.com/gophergala2016/source/core/config/bindata.go:354.17,356.4 1 0
github.com/gophergala2016/source/core/config/bindata.go:361.41,364.2 2 0
github.com/gophergala2016/source/core/config/config_gen.go:51.13,53.2 1 1
github.com/gophergala2016/source/core/config/config_gen.go:55.23,57.2 1 1
github.com/gophergala2016/source/core/config/config_gen.go:59.13,70.29 3 1
github.com/gophergala2016/source/core/config/config_gen.go:82.2,82.20 1 1
github.com/gophergala2016/source/core/config/config_gen.go:70.29,72.52 2 1
github.com/gophergala2016/source/core/config/config_gen.go:75.3,77.17 3 1
github.com/gophergala2016/source/core/config/config_gen.go:80.3,80.50 1 1
github.com/gophergala2016/source/core/config/config_gen.go:72.52,73.12 1 1
github.com/gophergala2016/source/core/config/config_gen.go:77.17,78.14 1 0
github.com/gophergala2016/source/core/config/config_gen.go:85.48,87.2 1 1
github.com/gophergala2016/source/core/config/config_gen.go:89.19,91.2 1 0
github.com/gophergala2016/source/core/config/config_gen.go:93.39,95.2 1 0
github.com/gophergala2016/source/core/config/config_gen.go:97.21,99.2 1 0
